2025-04-28 16:13:21,554 - pyswarms.single.global_best - INFO - Optimize for 50 iters with {'c1': 0.5, 'c2': 0.3, 'w': 0.9}
2025-04-28 16:27:47,660 - pyswarms.single.global_best - INFO - Optimize for 20 iters with {'c1': 0.5, 'c2': 0.3, 'w': 0.9}
2025-04-28 16:30:18,445 - pyswarms.single.global_best - INFO - Optimization finished | best cost: 999.9999999999981, best pos: [0.00068017 0.02669927]
2025-04-28 16:33:09,436 - pyswarms.single.global_best - INFO - Optimize for 5 iters with {'c1': 0.5, 'c2': 0.3, 'w': 0.9}
2025-04-28 16:34:02,037 - pyswarms.single.global_best - INFO - Optimize for 5 iters with {'c1': 0.5, 'c2': 0.3, 'w': 0.9}
2025-04-28 17:19:08,622 - pyswarms.single.global_best - INFO - Optimize for 20 iters with {'c1': 0.5, 'c2': 0.3, 'w': 0.9}
2025-04-28 17:20:20,806 - pyswarms.single.global_best - INFO - Optimization finished | best cost: 9.141485939773297, best pos: [0.0315301  0.04195556]
2025-04-28 17:20:20,811 - pyswarms.single.global_best - INFO - Optimize for 20 iters with {'c1': 0.5, 'c2': 0.3, 'w': 0.9}
2025-04-28 17:21:22,951 - pyswarms.single.global_best - INFO - Optimize for 20 iters with {'c1': 0.5, 'c2': 0.3, 'w': 0.9}
2025-04-28 17:22:47,142 - pyswarms.single.global_best - INFO - Optimize for 20 iters with {'c1': 0.5, 'c2': 0.3, 'w': 0.9}
2025-04-28 17:23:58,724 - pyswarms.single.global_best - INFO - Optimization finished | best cost: -187.67293671674932, best pos: [0.01562624 0.01760915]
2025-04-28 17:23:58,729 - pyswarms.single.global_best - INFO - Optimize for 20 iters with {'c1': 0.5, 'c2': 0.3, 'w': 0.9}
2025-04-28 17:25:09,813 - pyswarms.single.global_best - INFO - Optimization finished | best cost: -192.2818985224245, best pos: [0.01594398 0.01879473]
2025-04-28 17:25:09,820 - pyswarms.single.global_best - INFO - Optimize for 20 iters with {'c1': 0.5, 'c2': 0.3, 'w': 0.9}
2025-04-28 17:26:21,792 - pyswarms.single.global_best - INFO - Optimization finished | best cost: -197.05031565514514, best pos: [0.01636099 0.01732517]
2025-04-28 17:26:21,797 - pyswarms.single.global_best - INFO - Optimize for 20 iters with {'c1': 0.5, 'c2': 0.3, 'w': 0.9}
2025-04-28 17:27:34,502 - pyswarms.single.global_best - INFO - Optimization finished | best cost: -195.3795747123261, best pos: [0.01462882 0.01246755]
2025-04-28 17:27:34,508 - pyswarms.single.global_best - INFO - Optimize for 20 iters with {'c1': 0.5, 'c2': 0.3, 'w': 0.9}
2025-04-28 17:28:45,927 - pyswarms.single.global_best - INFO - Optimization finished | best cost: -199.23805001601957, best pos: [0.01701541 0.01489501]
2025-04-28 17:32:12,840 - pyswarms.single.local_best - INFO - Optimize for 20 iters with {'c1': 0.5, 'c2': 0.3, 'w': 0.9, 'k': 10, 'p': 2}
2025-04-28 17:33:00,851 - pyswarms.single.global_best - INFO - Optimize for 20 iters with {'c1': 0.5, 'c2': 0.3, 'w': 0.9}
2025-04-28 17:33:09,317 - pyswarms.single.local_best - INFO - Optimize for 20 iters with {'c1': 0.5, 'c2': 0.3, 'w': 0.9, 'k': 10, 'p': 2}
2025-04-28 17:34:23,112 - pyswarms.single.local_best - INFO - Optimization finished | best cost: -202.97308608457155, best pos: [0.01468062 0.01807355]
2025-04-28 17:34:23,118 - pyswarms.single.local_best - INFO - Optimize for 20 iters with {'c1': 0.5, 'c2': 0.3, 'w': 0.9, 'k': 10, 'p': 2}
2025-04-28 17:35:34,371 - pyswarms.single.local_best - INFO - Optimization finished | best cost: -203.78505172990478, best pos: [0.01376493 0.0192607 ]
2025-04-28 17:35:34,377 - pyswarms.single.local_best - INFO - Optimize for 20 iters with {'c1': 0.5, 'c2': 0.3, 'w': 0.9, 'k': 10, 'p': 2}
2025-04-28 17:36:45,693 - pyswarms.single.local_best - INFO - Optimization finished | best cost: -188.36935118847052, best pos: [0.01062453 0.00912646]
2025-04-28 17:36:45,698 - pyswarms.single.local_best - INFO - Optimize for 20 iters with {'c1': 0.5, 'c2': 0.3, 'w': 0.9, 'k': 10, 'p': 2}
2025-04-28 17:37:57,103 - pyswarms.single.local_best - INFO - Optimization finished | best cost: -190.76306808769726, best pos: [0.01588689 0.0185492 ]
2025-04-28 17:37:57,109 - pyswarms.single.local_best - INFO - Optimize for 20 iters with {'c1': 0.5, 'c2': 0.3, 'w': 0.9, 'k': 10, 'p': 2}
2025-04-28 17:39:08,809 - pyswarms.single.local_best - INFO - Optimization finished | best cost: -197.58152367158783, best pos: [0.01463155 0.01302739]
2025-04-28 22:31:21,313 - pyswarms.single.global_best - INFO - Optimize for 30 iters with {'c1': 0.5, 'c2': 0.3, 'w': 0.9}
2025-04-28 22:31:54,173 - pyswarms.single.global_best - INFO - Optimize for 30 iters with {'c1': 0.5, 'c2': 0.3, 'w': 0.9}
2025-04-28 22:38:45,371 - pyswarms.single.global_best - INFO - Optimize for 30 iters with {'c1': 0.5, 'c2': 0.3, 'w': 0.9}
2025-04-28 22:42:15,058 - pyswarms.single.global_best - INFO - Optimization finished | best cost: -192.83674302507401, best pos: [0.01691713 0.02054883]
2025-04-28 22:42:15,063 - pyswarms.single.global_best - INFO - Optimize for 30 iters with {'c1': 0.5, 'c2': 0.3, 'w': 0.9}
2025-04-28 22:45:46,133 - pyswarms.single.global_best - INFO - Optimization finished | best cost: -185.8876040295494, best pos: [0.01334797 0.02031762]
2025-04-28 22:45:46,139 - pyswarms.single.global_best - INFO - Optimize for 30 iters with {'c1': 0.5, 'c2': 0.3, 'w': 0.9}
2025-04-28 22:49:18,819 - pyswarms.single.global_best - INFO - Optimization finished | best cost: -186.3032956144338, best pos: [0.01327396 0.02066706]
2025-04-28 22:49:18,825 - pyswarms.single.global_best - INFO - Optimize for 30 iters with {'c1': 0.5, 'c2': 0.3, 'w': 0.9}
2025-04-28 22:52:50,577 - pyswarms.single.global_best - INFO - Optimization finished | best cost: -182.72159238766724, best pos: [0.01342817 0.01854126]
2025-04-28 22:52:50,583 - pyswarms.single.global_best - INFO - Optimize for 30 iters with {'c1': 0.5, 'c2': 0.3, 'w': 0.9}
2025-04-28 22:56:21,695 - pyswarms.single.global_best - INFO - Optimization finished | best cost: -201.8009830096006, best pos: [0.01454335 0.01600621]
2025-04-28 22:56:21,703 - pyswarms.single.local_best - INFO - Optimize for 30 iters with {'c1': 0.5, 'c2': 0.3, 'w': 0.9, 'k': 10, 'p': 2}
2025-04-28 22:59:53,646 - pyswarms.single.local_best - INFO - Optimization finished | best cost: -191.46189233958688, best pos: [0.01438996 0.01735234]
2025-04-28 22:59:53,654 - pyswarms.single.local_best - INFO - Optimize for 30 iters with {'c1': 0.5, 'c2': 0.3, 'w': 0.9, 'k': 10, 'p': 2}
2025-04-28 23:03:25,035 - pyswarms.single.local_best - INFO - Optimization finished | best cost: -185.12298733840134, best pos: [0.01438437 0.01623129]
2025-04-28 23:03:25,045 - pyswarms.single.local_best - INFO - Optimize for 30 iters with {'c1': 0.5, 'c2': 0.3, 'w': 0.9, 'k': 10, 'p': 2}
2025-04-28 23:06:58,112 - pyswarms.single.local_best - INFO - Optimization finished | best cost: -188.8127652627046, best pos: [0.01563917 0.01216952]
2025-04-28 23:06:58,117 - pyswarms.single.local_best - INFO - Optimize for 30 iters with {'c1': 0.5, 'c2': 0.3, 'w': 0.9, 'k': 10, 'p': 2}
2025-04-28 23:10:29,783 - pyswarms.single.local_best - INFO - Optimization finished | best cost: -185.15653561160647, best pos: [0.01606669 0.01570947]
2025-04-28 23:10:29,789 - pyswarms.single.local_best - INFO - Optimize for 30 iters with {'c1': 0.5, 'c2': 0.3, 'w': 0.9, 'k': 10, 'p': 2}
2025-04-28 23:14:01,900 - pyswarms.single.local_best - INFO - Optimization finished | best cost: -183.72514890756585, best pos: [0.01435045 0.01257764]
2025-04-29 00:53:32,876 - pyswarms.single.global_best - INFO - Optimize for 30 iters with {'c1': 0.5, 'c2': 0.3, 'w': 0.9}
2025-04-29 01:12:09,922 - pyswarms.single.global_best - INFO - Optimization finished | best cost: -176.25571388445837, best pos: [0.01840482 0.01968155]
2025-04-29 01:12:09,931 - pyswarms.single.global_best - INFO - Optimize for 30 iters with {'c1': 0.5, 'c2': 0.3, 'w': 0.9}
2025-04-29 01:31:01,357 - pyswarms.single.global_best - INFO - Optimization finished | best cost: -172.05644193740295, best pos: [0.02167534 0.01953599]
2025-04-29 01:31:01,362 - pyswarms.single.global_best - INFO - Optimize for 30 iters with {'c1': 0.5, 'c2': 0.3, 'w': 0.9}
2025-04-29 01:34:28,084 - pyswarms.single.global_best - INFO - Optimization finished | best cost: -179.71961026876428, best pos: [0.02092079 0.02154612]
2025-04-29 01:34:28,087 - pyswarms.single.global_best - INFO - Optimize for 30 iters with {'c1': 0.5, 'c2': 0.3, 'w': 0.9}
2025-04-29 02:10:05,982 - pyswarms.single.global_best - INFO - Optimization finished | best cost: -170.9996799949229, best pos: [0.02358453 0.02061536]
2025-04-29 02:10:05,987 - pyswarms.single.global_best - INFO - Optimize for 30 iters with {'c1': 0.5, 'c2': 0.3, 'w': 0.9}
2025-04-29 02:30:03,579 - pyswarms.single.global_best - INFO - Optimization finished | best cost: -173.1449675015267, best pos: [0.01790058 0.01905256]
2025-04-29 02:30:03,584 - pyswarms.single.local_best - INFO - Optimize for 30 iters with {'c1': 0.5, 'c2': 0.3, 'w': 0.9, 'k': 10, 'p': 2}
2025-04-29 02:50:29,335 - pyswarms.single.local_best - INFO - Optimization finished | best cost: -177.746212255874, best pos: [0.01982302 0.02128929]
2025-04-29 02:50:29,339 - pyswarms.single.local_best - INFO - Optimize for 30 iters with {'c1': 0.5, 'c2': 0.3, 'w': 0.9, 'k': 10, 'p': 2}
2025-04-29 02:57:37,365 - pyswarms.single.local_best - INFO - Optimization finished | best cost: -178.53952680548952, best pos: [0.0198534  0.02099598]
2025-04-29 02:57:37,371 - pyswarms.single.local_best - INFO - Optimize for 30 iters with {'c1': 0.5, 'c2': 0.3, 'w': 0.9, 'k': 10, 'p': 2}
2025-04-29 03:16:07,029 - pyswarms.single.local_best - INFO - Optimization finished | best cost: -182.27791183269974, best pos: [0.02020943 0.02132836]
2025-04-29 03:16:07,034 - pyswarms.single.local_best - INFO - Optimize for 30 iters with {'c1': 0.5, 'c2': 0.3, 'w': 0.9, 'k': 10, 'p': 2}
2025-04-29 03:34:41,242 - pyswarms.single.local_best - INFO - Optimization finished | best cost: -179.19686410152275, best pos: [0.02119319 0.02117262]
2025-04-29 03:34:41,246 - pyswarms.single.local_best - INFO - Optimize for 30 iters with {'c1': 0.5, 'c2': 0.3, 'w': 0.9, 'k': 10, 'p': 2}
2025-04-29 03:57:28,070 - pyswarms.single.local_best - INFO - Optimization finished | best cost: -186.97770757610988, best pos: [0.01901576 0.01984675]
2025-04-29 09:27:46,190 - pyswarms.single.global_best - INFO - Optimize for 30 iters with {'c1': 0.5, 'c2': 0.3, 'w': 0.9}
2025-04-29 09:57:02,395 - pyswarms.single.global_best - INFO - Optimize for 30 iters with {'c1': 0.5, 'c2': 0.3, 'w': 0.9}
2025-04-29 10:00:31,867 - pyswarms.single.global_best - INFO - Optimization finished | best cost: -176.87919211508353, best pos: [0.02092079 0.02154612]
2025-04-29 10:00:31,872 - pyswarms.single.global_best - INFO - Optimize for 30 iters with {'c1': 0.5, 'c2': 0.3, 'w': 0.9}
2025-04-29 10:04:05,209 - pyswarms.single.global_best - INFO - Optimization finished | best cost: -178.0238936693335, best pos: [0.02092079 0.02154612]
2025-04-29 10:04:05,214 - pyswarms.single.global_best - INFO - Optimize for 30 iters with {'c1': 0.5, 'c2': 0.3, 'w': 0.9}
2025-04-29 10:07:39,717 - pyswarms.single.global_best - INFO - Optimization finished | best cost: -173.42531117691314, best pos: [0.02131614 0.01807058]
2025-04-29 10:07:39,722 - pyswarms.single.global_best - INFO - Optimize for 30 iters with {'c1': 0.5, 'c2': 0.3, 'w': 0.9}
2025-04-29 10:11:12,346 - pyswarms.single.global_best - INFO - Optimization finished | best cost: -170.7481485964712, best pos: [0.01995762 0.01962857]
2025-04-29 10:11:12,351 - pyswarms.single.global_best - INFO - Optimize for 30 iters with {'c1': 0.5, 'c2': 0.3, 'w': 0.9}
2025-04-29 10:14:46,069 - pyswarms.single.global_best - INFO - Optimization finished | best cost: -169.35470895770356, best pos: [0.02131614 0.01807058]
2025-04-29 10:14:46,076 - pyswarms.single.local_best - INFO - Optimize for 30 iters with {'c1': 0.5, 'c2': 0.3, 'w': 0.9, 'k': 10, 'p': 2}
2025-04-29 10:18:18,143 - pyswarms.single.local_best - INFO - Optimization finished | best cost: -180.53860840973311, best pos: [0.01998333 0.02116616]
2025-04-29 10:18:18,149 - pyswarms.single.local_best - INFO - Optimize for 30 iters with {'c1': 0.5, 'c2': 0.3, 'w': 0.9, 'k': 10, 'p': 2}
2025-04-29 10:21:50,285 - pyswarms.single.local_best - INFO - Optimization finished | best cost: -175.16454413375362, best pos: [0.02081884 0.02075144]
2025-04-29 10:21:50,290 - pyswarms.single.local_best - INFO - Optimize for 30 iters with {'c1': 0.5, 'c2': 0.3, 'w': 0.9, 'k': 10, 'p': 2}
2025-04-29 10:25:30,052 - pyswarms.single.local_best - INFO - Optimization finished | best cost: -182.45427909696625, best pos: [0.02111081 0.02131285]
2025-04-29 10:25:30,058 - pyswarms.single.local_best - INFO - Optimize for 30 iters with {'c1': 0.5, 'c2': 0.3, 'w': 0.9, 'k': 10, 'p': 2}
2025-04-29 10:32:19,329 - pyswarms.single.global_best - INFO - Optimize for 30 iters with {'c1': 0.5, 'c2': 0.3, 'w': 0.9}
2025-04-29 10:33:37,565 - pyswarms.single.global_best - INFO - Optimize for 30 iters with {'c1': 0.5, 'c2': 0.3, 'w': 0.9}
2025-04-29 10:37:13,360 - pyswarms.single.global_best - INFO - Optimization finished | best cost: -170.44448313346805, best pos: [0.0218604  0.02146877]
2025-04-29 10:37:13,367 - pyswarms.single.global_best - INFO - Optimize for 30 iters with {'c1': 0.5, 'c2': 0.3, 'w': 0.9}
2025-04-29 11:20:02,742 - pyswarms.single.global_best - INFO - Optimize for 40 iters with {'c1': 1.5, 'c2': 1.3, 'w': 0.9}
2025-04-29 11:24:44,238 - pyswarms.single.global_best - INFO - Optimization finished | best cost: -176.6632767003254, best pos: [0.02467518 0.0184202 ]
2025-04-29 11:24:44,245 - pyswarms.single.global_best - INFO - Optimize for 40 iters with {'c1': 1.5, 'c2': 1.3, 'w': 0.9}
2025-04-29 11:29:28,193 - pyswarms.single.global_best - INFO - Optimization finished | best cost: -168.69862808191795, best pos: [0.02003641 0.02104874]
2025-04-29 11:29:28,197 - pyswarms.single.global_best - INFO - Optimize for 40 iters with {'c1': 1.5, 'c2': 1.3, 'w': 0.9}
2025-04-29 11:34:12,126 - pyswarms.single.global_best - INFO - Optimization finished | best cost: -166.0214858953281, best pos: [0.02218043 0.02187043]
2025-04-29 11:34:12,132 - pyswarms.single.global_best - INFO - Optimize for 40 iters with {'c1': 1.5, 'c2': 1.3, 'w': 0.9}
2025-04-29 11:38:57,148 - pyswarms.single.global_best - INFO - Optimization finished | best cost: -177.49458758625508, best pos: [0.02211465 0.01852763]
2025-04-29 11:38:57,154 - pyswarms.single.global_best - INFO - Optimize for 40 iters with {'c1': 1.5, 'c2': 1.3, 'w': 0.9}
2025-04-29 11:43:42,069 - pyswarms.single.global_best - INFO - Optimization finished | best cost: -178.1644015551168, best pos: [0.02067355 0.02070214]
2025-04-29 11:43:42,075 - pyswarms.single.local_best - INFO - Optimize for 40 iters with {'c1': 1.5, 'c2': 1.3, 'w': 0.9, 'k': 10, 'p': 2}
2025-04-29 11:48:26,804 - pyswarms.single.local_best - INFO - Optimization finished | best cost: -167.42403424743378, best pos: [0.02126367 0.01691138]
2025-04-29 11:48:26,809 - pyswarms.single.local_best - INFO - Optimize for 40 iters with {'c1': 1.5, 'c2': 1.3, 'w': 0.9, 'k': 10, 'p': 2}
2025-04-29 11:53:12,005 - pyswarms.single.local_best - INFO - Optimization finished | best cost: -175.71807619779264, best pos: [0.02090422 0.01957843]
2025-04-29 11:53:12,011 - pyswarms.single.local_best - INFO - Optimize for 40 iters with {'c1': 1.5, 'c2': 1.3, 'w': 0.9, 'k': 10, 'p': 2}
2025-04-29 11:57:56,842 - pyswarms.single.local_best - INFO - Optimization finished | best cost: -164.6010399611297, best pos: [0.01640103 0.02150506]
2025-04-29 11:57:56,847 - pyswarms.single.local_best - INFO - Optimize for 40 iters with {'c1': 1.5, 'c2': 1.3, 'w': 0.9, 'k': 10, 'p': 2}
2025-04-29 12:02:41,294 - pyswarms.single.local_best - INFO - Optimization finished | best cost: -182.4853789340654, best pos: [0.02167313 0.02056421]
2025-04-29 12:02:41,300 - pyswarms.single.local_best - INFO - Optimize for 40 iters with {'c1': 1.5, 'c2': 1.3, 'w': 0.9, 'k': 10, 'p': 2}
2025-04-29 12:07:26,934 - pyswarms.single.local_best - INFO - Optimization finished | best cost: -181.6920764538455, best pos: [0.02231612 0.02083361]
2025-04-29 12:46:07,554 - pyswarms.single.global_best - INFO - Optimize for 30 iters with {'c1': 1.5, 'c2': 1.3, 'w': 0.9}
2025-04-29 12:49:40,158 - pyswarms.single.global_best - INFO - Optimization finished | best cost: -168.17177693876232, best pos: [0.02135647 0.0178323 ]
2025-04-29 12:49:40,164 - pyswarms.single.global_best - INFO - Optimize for 30 iters with {'c1': 1.5, 'c2': 1.3, 'w': 0.9}
2025-04-29 12:53:14,075 - pyswarms.single.global_best - INFO - Optimization finished | best cost: -164.92511995707832, best pos: [0.01974658 0.01921622]
2025-04-29 12:53:14,081 - pyswarms.single.global_best - INFO - Optimize for 30 iters with {'c1': 1.5, 'c2': 1.3, 'w': 0.9}
2025-04-29 12:56:47,591 - pyswarms.single.global_best - INFO - Optimization finished | best cost: -169.40938538292164, best pos: [0.02199244 0.02115561]
2025-04-29 12:56:47,597 - pyswarms.single.global_best - INFO - Optimize for 30 iters with {'c1': 1.5, 'c2': 1.3, 'w': 0.9}
2025-04-29 12:59:15,665 - pyswarms.single.global_best - INFO - Optimize for 50 iters with {'c1': 1.5, 'c2': 1.3, 'w': 0.9}
2025-04-29 13:05:11,460 - pyswarms.single.global_best - INFO - Optimization finished | best cost: -174.91869342314573, best pos: [0.02105025 0.02038222]
2025-04-29 13:05:11,469 - pyswarms.single.global_best - INFO - Optimize for 50 iters with {'c1': 1.5, 'c2': 1.3, 'w': 0.9}
2025-04-29 13:11:07,440 - pyswarms.single.global_best - INFO - Optimization finished | best cost: -167.859670918331, best pos: [0.02290893 0.0170975 ]
2025-04-29 13:11:07,449 - pyswarms.single.global_best - INFO - Optimize for 50 iters with {'c1': 1.5, 'c2': 1.3, 'w': 0.9}
2025-04-29 13:17:06,850 - pyswarms.single.global_best - INFO - Optimization finished | best cost: -173.4881445802074, best pos: [0.02160339 0.0178885 ]
2025-04-29 13:17:06,860 - pyswarms.single.global_best - INFO - Optimize for 50 iters with {'c1': 1.5, 'c2': 1.3, 'w': 0.9}
2025-04-29 13:22:58,953 - pyswarms.single.global_best - INFO - Optimization finished | best cost: -177.84145451375727, best pos: [0.02341788 0.0182703 ]
2025-04-29 13:22:58,959 - pyswarms.single.global_best - INFO - Optimize for 50 iters with {'c1': 1.5, 'c2': 1.3, 'w': 0.9}
2025-04-29 13:28:48,849 - pyswarms.single.global_best - INFO - Optimization finished | best cost: -160.0395842305419, best pos: [0.02178189 0.02006426]
2025-04-29 13:28:48,855 - pyswarms.single.local_best - INFO - Optimize for 50 iters with {'c1': 1.5, 'c2': 1.3, 'w': 0.9, 'k': 10, 'p': 2}
2025-04-29 13:34:38,943 - pyswarms.single.local_best - INFO - Optimization finished | best cost: -178.7128271676326, best pos: [0.02103626 0.01896749]
2025-04-29 13:34:38,949 - pyswarms.single.local_best - INFO - Optimize for 50 iters with {'c1': 1.5, 'c2': 1.3, 'w': 0.9, 'k': 10, 'p': 2}
2025-04-29 13:40:29,037 - pyswarms.single.local_best - INFO - Optimization finished | best cost: -169.46013088956153, best pos: [0.02130939 0.01943373]
2025-04-29 13:40:29,043 - pyswarms.single.local_best - INFO - Optimize for 50 iters with {'c1': 1.5, 'c2': 1.3, 'w': 0.9, 'k': 10, 'p': 2}
2025-04-29 13:46:17,876 - pyswarms.single.local_best - INFO - Optimization finished | best cost: -170.2909941187803, best pos: [0.02241498 0.01769619]
2025-04-29 13:46:17,881 - pyswarms.single.local_best - INFO - Optimize for 50 iters with {'c1': 1.5, 'c2': 1.3, 'w': 0.9, 'k': 10, 'p': 2}
2025-04-29 13:52:07,348 - pyswarms.single.local_best - INFO - Optimization finished | best cost: -181.76280345131528, best pos: [0.0217012  0.02134989]
2025-04-29 13:52:07,354 - pyswarms.single.local_best - INFO - Optimize for 50 iters with {'c1': 1.5, 'c2': 1.3, 'w': 0.9, 'k': 10, 'p': 2}
2025-04-29 13:57:56,988 - pyswarms.single.local_best - INFO - Optimization finished | best cost: -171.55985582799684, best pos: [0.02090035 0.02059766]
2025-04-29 19:24:07,235 - pyswarms.single.global_best - INFO - Optimize for 50 iters with {'c1': 1.5, 'c2': 1.3, 'w': 0.9}
2025-04-29 19:25:47,680 - pyswarms.single.global_best - INFO - Optimize for 50 iters with {'c1': 1.5, 'c2': 1.3, 'w': 0.9}
2025-04-29 19:28:44,471 - pyswarms.single.global_best - INFO - Optimization finished | best cost: -180.48600215915025, best pos: [0.02218067 0.01999392]
2025-04-29 19:28:44,476 - pyswarms.single.global_best - INFO - Optimize for 50 iters with {'c1': 1.5, 'c2': 1.3, 'w': 0.9}
2025-04-29 19:31:42,268 - pyswarms.single.global_best - INFO - Optimization finished | best cost: -173.03407663899299, best pos: [0.02126631 0.01982037]
2025-04-29 19:31:42,274 - pyswarms.single.global_best - INFO - Optimize for 50 iters with {'c1': 1.5, 'c2': 1.3, 'w': 0.9}
2025-04-29 19:34:40,267 - pyswarms.single.global_best - INFO - Optimization finished | best cost: -176.8533525737843, best pos: [0.02143909 0.01820584]
2025-04-29 19:34:40,273 - pyswarms.single.global_best - INFO - Optimize for 50 iters with {'c1': 1.5, 'c2': 1.3, 'w': 0.9}
2025-04-29 19:37:38,728 - pyswarms.single.global_best - INFO - Optimization finished | best cost: -180.25078404663117, best pos: [0.02024914 0.01944326]
2025-04-29 19:37:38,734 - pyswarms.single.global_best - INFO - Optimize for 50 iters with {'c1': 1.5, 'c2': 1.3, 'w': 0.9}
2025-04-29 19:40:37,144 - pyswarms.single.global_best - INFO - Optimization finished | best cost: -175.37243511115122, best pos: [0.02178485 0.0206953 ]
2025-04-29 19:40:37,150 - pyswarms.single.local_best - INFO - Optimize for 50 iters with {'c1': 1.5, 'c2': 1.3, 'w': 0.9, 'k': 10, 'p': 2}
2025-04-29 19:43:35,977 - pyswarms.single.local_best - INFO - Optimization finished | best cost: -189.30685747458935, best pos: [0.02094526 0.02069152]
2025-04-29 19:43:35,982 - pyswarms.single.local_best - INFO - Optimize for 50 iters with {'c1': 1.5, 'c2': 1.3, 'w': 0.9, 'k': 10, 'p': 2}
2025-04-29 19:46:34,422 - pyswarms.single.local_best - INFO - Optimization finished | best cost: -181.48787814767422, best pos: [0.01890673 0.01994578]
2025-04-29 19:46:34,428 - pyswarms.single.local_best - INFO - Optimize for 50 iters with {'c1': 1.5, 'c2': 1.3, 'w': 0.9, 'k': 10, 'p': 2}
2025-04-29 19:49:33,409 - pyswarms.single.local_best - INFO - Optimization finished | best cost: -181.44117985976078, best pos: [0.02063256 0.01947585]
2025-04-29 19:49:33,414 - pyswarms.single.local_best - INFO - Optimize for 50 iters with {'c1': 1.5, 'c2': 1.3, 'w': 0.9, 'k': 10, 'p': 2}
2025-04-29 19:52:32,246 - pyswarms.single.local_best - INFO - Optimization finished | best cost: -172.6000153467777, best pos: [0.02319317 0.01853637]
2025-04-29 19:52:32,252 - pyswarms.single.local_best - INFO - Optimize for 50 iters with {'c1': 1.5, 'c2': 1.3, 'w': 0.9, 'k': 10, 'p': 2}
2025-04-29 19:55:30,885 - pyswarms.single.local_best - INFO - Optimization finished | best cost: -190.35827163999554, best pos: [0.02136046 0.01922486]
2025-04-30 13:38:18,326 - pyswarms.single.global_best - INFO - Optimize for 20 iters with {'c1': 1.5, 'c2': 1.3, 'w': 0.9}
2025-04-30 13:39:29,101 - pyswarms.single.global_best - INFO - Optimization finished | best cost: -170.65987133738835, best pos: [0.01999794 0.01760989]
2025-04-30 13:39:29,107 - pyswarms.single.global_best - INFO - Optimize for 20 iters with {'c1': 1.5, 'c2': 1.3, 'w': 0.9}
2025-04-30 13:40:40,385 - pyswarms.single.global_best - INFO - Optimization finished | best cost: -167.2495750830256, best pos: [0.02120938 0.01963355]
2025-04-30 13:40:40,391 - pyswarms.single.global_best - INFO - Optimize for 20 iters with {'c1': 1.5, 'c2': 1.3, 'w': 0.9}
2025-04-30 13:41:51,413 - pyswarms.single.global_best - INFO - Optimization finished | best cost: -168.48943971195368, best pos: [0.01665501 0.01918149]
2025-04-30 13:41:51,419 - pyswarms.single.global_best - INFO - Optimize for 20 iters with {'c1': 1.5, 'c2': 1.3, 'w': 0.9}
2025-04-30 13:43:02,315 - pyswarms.single.global_best - INFO - Optimization finished | best cost: -173.6719782507647, best pos: [0.02087347 0.01902482]
2025-04-30 13:43:02,319 - pyswarms.single.global_best - INFO - Optimize for 20 iters with {'c1': 1.5, 'c2': 1.3, 'w': 0.9}
2025-04-30 13:44:13,249 - pyswarms.single.global_best - INFO - Optimization finished | best cost: -170.3305981627118, best pos: [0.02120938 0.01963355]
2025-04-30 15:37:51,021 - pyswarms.single.global_best - INFO - Optimize for 50 iters with {'c1': 1.5, 'c2': 1.3, 'w': 0.9}
2025-04-30 15:40:49,565 - pyswarms.single.global_best - INFO - Optimization finished | best cost: -188.73643840783532, best pos: [0.02270882 0.01926839]
2025-04-30 15:40:49,571 - pyswarms.single.global_best - INFO - Optimize for 50 iters with {'c1': 1.5, 'c2': 1.3, 'w': 0.9}
2025-04-30 15:43:48,940 - pyswarms.single.global_best - INFO - Optimization finished | best cost: -176.1516860400427, best pos: [0.02120938 0.01963355]
2025-04-30 15:43:48,946 - pyswarms.single.global_best - INFO - Optimize for 50 iters with {'c1': 1.5, 'c2': 1.3, 'w': 0.9}
2025-04-30 15:46:48,325 - pyswarms.single.global_best - INFO - Optimization finished | best cost: -171.73020512505963, best pos: [0.019674   0.01841726]
2025-04-30 15:46:48,330 - pyswarms.single.global_best - INFO - Optimize for 50 iters with {'c1': 1.5, 'c2': 1.3, 'w': 0.9}
2025-04-30 15:49:47,826 - pyswarms.single.global_best - INFO - Optimization finished | best cost: -185.48955980404762, best pos: [0.02114367 0.02053523]
2025-04-30 15:49:47,833 - pyswarms.single.global_best - INFO - Optimize for 50 iters with {'c1': 1.5, 'c2': 1.3, 'w': 0.9}
2025-04-30 15:52:47,799 - pyswarms.single.global_best - INFO - Optimization finished | best cost: -171.3269965315257, best pos: [0.02046468 0.0201647 ]
2025-04-30 15:52:47,806 - pyswarms.single.local_best - INFO - Optimize for 50 iters with {'c1': 1.5, 'c2': 1.3, 'w': 0.9, 'k': 10, 'p': 2}
2025-04-30 15:55:47,492 - pyswarms.single.local_best - INFO - Optimization finished | best cost: -174.03770837380068, best pos: [0.02223247 0.01850116]
2025-04-30 15:55:47,498 - pyswarms.single.local_best - INFO - Optimize for 50 iters with {'c1': 1.5, 'c2': 1.3, 'w': 0.9, 'k': 10, 'p': 2}
2025-04-30 15:58:48,498 - pyswarms.single.local_best - INFO - Optimization finished | best cost: -178.82722177307494, best pos: [0.02310236 0.01890677]
2025-04-30 15:58:48,507 - pyswarms.single.local_best - INFO - Optimize for 50 iters with {'c1': 1.5, 'c2': 1.3, 'w': 0.9, 'k': 10, 'p': 2}
2025-04-30 16:01:55,171 - pyswarms.single.local_best - INFO - Optimization finished | best cost: -170.88026859913083, best pos: [0.02280301 0.01848416]
2025-04-30 16:01:55,181 - pyswarms.single.local_best - INFO - Optimize for 50 iters with {'c1': 1.5, 'c2': 1.3, 'w': 0.9, 'k': 10, 'p': 2}
2025-04-30 16:04:58,618 - pyswarms.single.local_best - INFO - Optimization finished | best cost: -178.481615752405, best pos: [0.02059539 0.01948377]
2025-04-30 16:04:58,628 - pyswarms.single.local_best - INFO - Optimize for 50 iters with {'c1': 1.5, 'c2': 1.3, 'w': 0.9, 'k': 10, 'p': 2}
2025-04-30 16:08:08,855 - pyswarms.single.local_best - INFO - Optimization finished | best cost: -173.23447712933284, best pos: [0.02256009 0.02054187]
